<?xml version="1.0" encoding="UTF-8"?>
<!-- Generated by org.testng.reporters.JUnitXMLReporter -->
<testsuite ignored="17" hostname="Mohammeds-MacBook-Pro.local" failures="0" tests="1" name="Default test" time="26.941" errors="0" timestamp="2022-12-31T03:06:15 EST">
  <testcase classname="testPage.HomePageTest" name="clickSearchKeyWordTextTest" time="20.331"/>
  <testcase classname="testPage.HomePageTest" name="forgotIdDropDownTest" time="0.0">
    <ignored/>
  </testcase> <!-- forgotIdDropDownTest -->
  <testcase classname="testPage.HomePageTest" name="forgotIdSubmitButtonTest" time="0.0">
    <ignored/>
  </testcase> <!-- forgotIdSubmitButtonTest -->
  <testcase classname="testPage.HomePageTest" name="clickResideoMainPageTest" time="0.0">
    <ignored/>
  </testcase> <!-- clickResideoMainPageTest -->
  <testcase classname="testPage.HomePageTest" name="clickLoginButtonTest" time="0.0">
    <ignored/>
  </testcase> <!-- clickLoginButtonTest -->
  <testcase classname="testPage.HomePageTest" name="clickNewUserReg2TextTest" time="0.0">
    <ignored/>
  </testcase> <!-- clickNewUserReg2TextTest -->
  <testcase classname="testPage.HomePageTest" name="clickNewUserReg" time="0.0">
    <ignored/>
  </testcase> <!-- clickNewUserReg -->
  <testcase classname="testPage.HomePageTest" name="clickForgotUserIdTest" time="0.0">
    <ignored/>
  </testcase> <!-- clickForgotUserIdTest -->
  <testcase classname="testPage.HomePageTest" name="clickUserAccountUrlTest" time="0.0">
    <ignored/>
  </testcase> <!-- clickUserAccountUrlTest -->
  <testcase classname="testPage.HomePageTest" name="inputTextInUserIdFieldAndPasswordFieldThenClickLoginButtonTest" time="0.0">
    <ignored/>
  </testcase> <!-- inputTextInUserIdFieldAndPasswordFieldThenClickLoginButtonTest -->
  <testcase classname="testPage.HomePageTest" name="resideoPage" time="0.0">
    <ignored/>
  </testcase> <!-- resideoPage -->
  <testcase classname="testPage.HomePageTest" name="clickForgotPasswordUserNameTest" time="0.0">
    <ignored/>
  </testcase> <!-- clickForgotPasswordUserNameTest -->
  <testcase classname="testPage.HomePageTest" name="logoDisplayedTest" time="0.0">
    <ignored/>
  </testcase> <!-- logoDisplayedTest -->
  <testcase classname="testPage.HomePageTest" name="clickUserIdTest" time="0.0">
    <ignored/>
  </testcase> <!-- clickUserIdTest -->
  <testcase classname="testPage.HomePageTest" name="clickHomeOwnerTitelTest" time="0.0">
    <ignored/>
  </testcase> <!-- clickHomeOwnerTitelTest -->
  <testcase classname="testPage.HomePageTest" name="clickUserPassedTest" time="0.0">
    <ignored/>
  </testcase> <!-- clickUserPassedTest -->
  <testcase classname="testPage.HomePageTest" name="clickUserPasswordTest" time="0.0">
    <ignored/>
  </testcase> <!-- clickUserPasswordTest -->
  <testcase classname="testPage.HomePageTest" name="clickSearchkeywordTest" time="0.0">
    <ignored/>
  </testcase> <!-- clickSearchkeywordTest -->
</testsuite> <!-- Default test -->
