<?xml version="1.0" encoding="UTF-8"?>
<!-- Generated by org.testng.reporters.JUnitXMLReporter -->
<testsuite ignored="1" hostname="Mohammeds-MacBook-Pro.local" failures="0" tests="10" name="Default test" time="95.747" errors="0" timestamp="2022-12-27T23:17:52 EST">
  <testcase classname="testPage.HomePageTest" name="clickLoginButtonTest" time="3.077"/>
  <testcase classname="testPage.HomePageTest" name="clickUserIdTest" time="3.097"/>
  <testcase classname="testPage.HomePageTest" name="clickUserPassedTest" time="3.049"/>
  <testcase classname="testPage.HomePageTest" name="clickNewUserReg" time="5.858"/>
  <testcase classname="testPage.HomePageTest" name="clickForgotUserIdTest" time="4.281"/>
  <testcase classname="testPage.HomePageTest" name="clickUserPasswordTest" time="4.474"/>
  <testcase classname="testPage.HomePageTest" name="inputTextInUserIdFieldAndPasswordFieldThenClickLoginButtonTest" time="6.283"/>
  <testcase classname="testPage.HomePageTest" name="clickForgotPasswordUserNameTest" time="8.012"/>
  <testcase classname="testPage.HomePageTest" name="clickResideoMainPageTest" time="4.603"/>
  <testcase classname="testPage.HomePageTest" name="clickSearchkeywordTest" time="3.096"/>
  <testcase classname="testPage.HomePageTest" name="resideoPage" time="0.0">
    <ignored/>
  </testcase> <!-- resideoPage -->
</testsuite> <!-- Default test -->
