<?xml version="1.0" encoding="UTF-8"?>
<testng-results ignored="17" total="18" passed="1" failed="0" skipped="0">
  <reporter-output>
  </reporter-output>
  <suite started-at="2022-12-31T03:05:48 EST" name="Default suite" finished-at="2022-12-31T03:06:15 EST" duration-ms="26941">
    <groups>
    </groups>
    <test started-at="2022-12-31T03:05:48 EST" name="Default test" finished-at="2022-12-31T03:06:15 EST" duration-ms="26941">
      <class name="testPage.HomePageTest">
        <test-method is-config="true" signature="setUp()[pri:0, instance:testPage.HomePageTest@5a45133e]" started-at="2022-12-31T03:05:48 EST" name="setUp" finished-at="2022-12-31T03:05:54 EST" duration-ms="6394" status="PASS">
          <reporter-output>
          </reporter-output>
        </test-method> <!-- setUp -->
        <test-method signature="clickSearchKeyWordTextTest()[pri:16, instance:testPage.HomePageTest@5a45133e]" started-at="2022-12-31T03:05:54 EST" name="clickSearchKeyWordTextTest" finished-at="2022-12-31T03:06:15 EST" duration-ms="20331" status="PASS">
          <reporter-output>
          </reporter-output>
        </test-method> <!-- clickSearchKeyWordTextTest -->
        <test-method is-config="true" signature="tearUp()[pri:0, instance:testPage.HomePageTest@5a45133e]" started-at="2022-12-31T03:06:15 EST" name="tearUp" finished-at="2022-12-31T03:06:15 EST" duration-ms="167" status="PASS">
          <reporter-output>
          </reporter-output>
        </test-method> <!-- tearUp -->
      </class> <!-- testPage.HomePageTest -->
    </test> <!-- Default test -->
  </suite> <!-- Default suite -->
</testng-results>
